DEBUG 2016-10-09 13:45:08,986: 	 Executing command: 'submit'
DEBUG 2016-10-09 13:45:08,986: 	 Could not find CRAB cache file /afs/cern.ch/user/m/misiura/.crab3; creating a new one.
DEBUG 2016-10-09 13:45:08,993: 	 Checking credentials
DEBUG 2016-10-09 13:45:08,993: 	 Found proxy file /tmp/x509up_u57680
DEBUG 2016-10-09 13:45:08,993: 	 Getting proxy life time left
DEBUG 2016-10-09 13:45:09,496: 	 Executing : 
 command : voms-proxy-info -file /tmp/x509up_u57680 -timeleft
 output : 38810

 error: 
 retcode : 0
DEBUG 2016-10-09 13:45:10,000: 	 Executing : 
 command : voms-proxy-info -file /tmp/x509up_u57680 -actimeleft
 output : 38810

 error: 
 retcode : 0
DEBUG 2016-10-09 13:45:10,000: 	 Proxy valid for 10:46:50 hours
INFO 2016-10-09 13:45:10,001: 	 Will use CRAB configuration file tmp.py
DEBUG 2016-10-09 13:45:10,001: 	 Loading CRAB configuration file.
ERROR 2016-10-09 13:45:10,002: 	 Error while loading CRAB configuration:
invalid syntax (tmp.py, line 1)
Please refer to https://twiki.cern.ch/twiki/bin/view/CMSPublic/CRAB3CommonErrors#Syntax_error_in_CRAB_configurati
See the ./crab.log file for more details.
The documentation about the CRAB configuration file can be found in https://twiki.cern.ch/twiki/bin/view/CMSPublic/CRAB3ConfigurationFile
ERROR 2016-10-09 13:45:10,002: 	 Caught exception
Traceback (most recent call last):
  File "/cvmfs/cms.cern.ch/crab3/slc6_amd64_gcc493/cms/crabclient/3.3.1608/bin/crab", line 160, in <module>
    client()
  File "/cvmfs/cms.cern.ch/crab3/slc6_amd64_gcc493/cms/crabclient/3.3.1608/bin/crab", line 146, in __call__
    self.cmd = sub_cmd(self.logger, args[1:])
  File "/cvmfs/cms.cern.ch/crab3/slc6_amd64_gcc493/cms/crabclient/3.3.1608/lib/python2.7/site-packages/CRABClient/Commands/submit.py", line 34, in __init__
    SubCommand.__init__(self, logger, cmdargs, disable_interspersed_args=True)
  File "/cvmfs/cms.cern.ch/crab3/slc6_amd64_gcc493/cms/crabclient/3.3.1608/lib/python2.7/site-packages/CRABClient/Commands/SubCommand.py", line 298, in __init__
    self.loadConfig(self.options.config, self.args)
  File "/cvmfs/cms.cern.ch/crab3/slc6_amd64_gcc493/cms/crabclient/3.3.1608/lib/python2.7/site-packages/CRABClient/Commands/SubCommand.py", line 84, in loadConfig
    raise ConfigurationException(configmsg)
ConfigurationException: Error while loading CRAB configuration:
invalid syntax (tmp.py, line 1)
Please refer to https://twiki.cern.ch/twiki/bin/view/CMSPublic/CRAB3CommonErrors#Syntax_error_in_CRAB_configurati
See the ./crab.log file for more details.
The documentation about the CRAB configuration file can be found in https://twiki.cern.ch/twiki/bin/view/CMSPublic/CRAB3ConfigurationFile
DEBUG 2016-10-09 13:45:35,428: 	 Executing command: 'submit'
DEBUG 2016-10-09 13:45:35,428: 	 Found CRAB cache file /afs/cern.ch/user/m/misiura/.crab3
DEBUG 2016-10-09 13:45:35,432: 	 Checking credentials
DEBUG 2016-10-09 13:45:35,433: 	 Found proxy file /tmp/x509up_u57680
DEBUG 2016-10-09 13:45:35,433: 	 Getting proxy life time left
DEBUG 2016-10-09 13:45:36,238: 	 Executing : 
 command : voms-proxy-info -file /tmp/x509up_u57680 -timeleft
 output : 38783

 error: 
 retcode : 0
DEBUG 2016-10-09 13:45:36,642: 	 Executing : 
 command : voms-proxy-info -file /tmp/x509up_u57680 -actimeleft
 output : 38783

 error: 
 retcode : 0
DEBUG 2016-10-09 13:45:36,642: 	 Proxy valid for 10:46:23 hours
INFO 2016-10-09 13:45:36,642: 	 Will use CRAB configuration file tmp.py
DEBUG 2016-10-09 13:45:36,642: 	 Loading CRAB configuration file.
ERROR 2016-10-09 13:45:36,643: 	 Error while loading CRAB configuration:
invalid syntax (tmp.py, line 1)
Please refer to https://twiki.cern.ch/twiki/bin/view/CMSPublic/CRAB3CommonErrors#Syntax_error_in_CRAB_configurati
See the ./crab.log file for more details.
The documentation about the CRAB configuration file can be found in https://twiki.cern.ch/twiki/bin/view/CMSPublic/CRAB3ConfigurationFile
ERROR 2016-10-09 13:45:36,643: 	 Caught exception
Traceback (most recent call last):
  File "/cvmfs/cms.cern.ch/crab3/slc6_amd64_gcc493/cms/crabclient/3.3.1608/bin/crab", line 160, in <module>
    client()
  File "/cvmfs/cms.cern.ch/crab3/slc6_amd64_gcc493/cms/crabclient/3.3.1608/bin/crab", line 146, in __call__
    self.cmd = sub_cmd(self.logger, args[1:])
  File "/cvmfs/cms.cern.ch/crab3/slc6_amd64_gcc493/cms/crabclient/3.3.1608/lib/python2.7/site-packages/CRABClient/Commands/submit.py", line 34, in __init__
    SubCommand.__init__(self, logger, cmdargs, disable_interspersed_args=True)
  File "/cvmfs/cms.cern.ch/crab3/slc6_amd64_gcc493/cms/crabclient/3.3.1608/lib/python2.7/site-packages/CRABClient/Commands/SubCommand.py", line 298, in __init__
    self.loadConfig(self.options.config, self.args)
  File "/cvmfs/cms.cern.ch/crab3/slc6_amd64_gcc493/cms/crabclient/3.3.1608/lib/python2.7/site-packages/CRABClient/Commands/SubCommand.py", line 84, in loadConfig
    raise ConfigurationException(configmsg)
ConfigurationException: Error while loading CRAB configuration:
invalid syntax (tmp.py, line 1)
Please refer to https://twiki.cern.ch/twiki/bin/view/CMSPublic/CRAB3CommonErrors#Syntax_error_in_CRAB_configurati
See the ./crab.log file for more details.
The documentation about the CRAB configuration file can be found in https://twiki.cern.ch/twiki/bin/view/CMSPublic/CRAB3ConfigurationFile
DEBUG 2016-10-09 13:49:07,704: 	 Executing command: 'submit'
DEBUG 2016-10-09 13:49:07,705: 	 Found CRAB cache file /afs/cern.ch/user/m/misiura/.crab3
DEBUG 2016-10-09 13:49:07,710: 	 Checking credentials
DEBUG 2016-10-09 13:49:07,711: 	 Found proxy file /tmp/x509up_u57680
DEBUG 2016-10-09 13:49:07,711: 	 Getting proxy life time left
DEBUG 2016-10-09 13:49:08,116: 	 Executing : 
 command : voms-proxy-info -file /tmp/x509up_u57680 -timeleft
 output : 38571

 error: 
 retcode : 0
DEBUG 2016-10-09 13:49:08,521: 	 Executing : 
 command : voms-proxy-info -file /tmp/x509up_u57680 -actimeleft
 output : 38571

 error: 
 retcode : 0
DEBUG 2016-10-09 13:49:08,521: 	 Proxy valid for 10:42:51 hours
INFO 2016-10-09 13:49:08,521: 	 Will use CRAB configuration file tmp.py
DEBUG 2016-10-09 13:49:08,521: 	 Loading CRAB configuration file.
ERROR 2016-10-09 13:49:08,522: 	 Error while loading CRAB configuration:
invalid syntax (tmp.py, line 1)
Please refer to https://twiki.cern.ch/twiki/bin/view/CMSPublic/CRAB3CommonErrors#Syntax_error_in_CRAB_configurati
See the ./crab.log file for more details.
The documentation about the CRAB configuration file can be found in https://twiki.cern.ch/twiki/bin/view/CMSPublic/CRAB3ConfigurationFile
ERROR 2016-10-09 13:49:08,522: 	 Caught exception
Traceback (most recent call last):
  File "/cvmfs/cms.cern.ch/crab3/slc6_amd64_gcc493/cms/crabclient/3.3.1608/bin/crab", line 160, in <module>
    client()
  File "/cvmfs/cms.cern.ch/crab3/slc6_amd64_gcc493/cms/crabclient/3.3.1608/bin/crab", line 146, in __call__
    self.cmd = sub_cmd(self.logger, args[1:])
  File "/cvmfs/cms.cern.ch/crab3/slc6_amd64_gcc493/cms/crabclient/3.3.1608/lib/python2.7/site-packages/CRABClient/Commands/submit.py", line 34, in __init__
    SubCommand.__init__(self, logger, cmdargs, disable_interspersed_args=True)
  File "/cvmfs/cms.cern.ch/crab3/slc6_amd64_gcc493/cms/crabclient/3.3.1608/lib/python2.7/site-packages/CRABClient/Commands/SubCommand.py", line 298, in __init__
    self.loadConfig(self.options.config, self.args)
  File "/cvmfs/cms.cern.ch/crab3/slc6_amd64_gcc493/cms/crabclient/3.3.1608/lib/python2.7/site-packages/CRABClient/Commands/SubCommand.py", line 84, in loadConfig
    raise ConfigurationException(configmsg)
ConfigurationException: Error while loading CRAB configuration:
invalid syntax (tmp.py, line 1)
Please refer to https://twiki.cern.ch/twiki/bin/view/CMSPublic/CRAB3CommonErrors#Syntax_error_in_CRAB_configurati
See the ./crab.log file for more details.
The documentation about the CRAB configuration file can be found in https://twiki.cern.ch/twiki/bin/view/CMSPublic/CRAB3ConfigurationFile
DEBUG 2016-10-09 13:52:13,889: 	 Executing command: 'submit'
DEBUG 2016-10-09 13:52:13,889: 	 Found CRAB cache file /afs/cern.ch/user/m/misiura/.crab3
DEBUG 2016-10-09 13:52:13,894: 	 Checking credentials
DEBUG 2016-10-09 13:52:13,895: 	 Found proxy file /tmp/x509up_u57680
DEBUG 2016-10-09 13:52:13,895: 	 Getting proxy life time left
DEBUG 2016-10-09 13:52:14,400: 	 Executing : 
 command : voms-proxy-info -file /tmp/x509up_u57680 -timeleft
 output : 38385

 error: 
 retcode : 0
DEBUG 2016-10-09 13:52:14,805: 	 Executing : 
 command : voms-proxy-info -file /tmp/x509up_u57680 -actimeleft
 output : 38385

 error: 
 retcode : 0
DEBUG 2016-10-09 13:52:14,805: 	 Proxy valid for 10:39:45 hours
INFO 2016-10-09 13:52:14,805: 	 Will use CRAB configuration file tmp.py
DEBUG 2016-10-09 13:52:14,805: 	 Loading CRAB configuration file.
ERROR 2016-10-09 13:52:14,807: 	 Error while loading CRAB configuration:
invalid syntax (tmp.py, line 1)
Please refer to https://twiki.cern.ch/twiki/bin/view/CMSPublic/CRAB3CommonErrors#Syntax_error_in_CRAB_configurati
See the ./crab.log file for more details.
The documentation about the CRAB configuration file can be found in https://twiki.cern.ch/twiki/bin/view/CMSPublic/CRAB3ConfigurationFile
ERROR 2016-10-09 13:52:14,807: 	 Caught exception
Traceback (most recent call last):
  File "/cvmfs/cms.cern.ch/crab3/slc6_amd64_gcc493/cms/crabclient/3.3.1608/bin/crab", line 160, in <module>
    client()
  File "/cvmfs/cms.cern.ch/crab3/slc6_amd64_gcc493/cms/crabclient/3.3.1608/bin/crab", line 146, in __call__
    self.cmd = sub_cmd(self.logger, args[1:])
  File "/cvmfs/cms.cern.ch/crab3/slc6_amd64_gcc493/cms/crabclient/3.3.1608/lib/python2.7/site-packages/CRABClient/Commands/submit.py", line 34, in __init__
    SubCommand.__init__(self, logger, cmdargs, disable_interspersed_args=True)
  File "/cvmfs/cms.cern.ch/crab3/slc6_amd64_gcc493/cms/crabclient/3.3.1608/lib/python2.7/site-packages/CRABClient/Commands/SubCommand.py", line 298, in __init__
    self.loadConfig(self.options.config, self.args)
  File "/cvmfs/cms.cern.ch/crab3/slc6_amd64_gcc493/cms/crabclient/3.3.1608/lib/python2.7/site-packages/CRABClient/Commands/SubCommand.py", line 84, in loadConfig
    raise ConfigurationException(configmsg)
ConfigurationException: Error while loading CRAB configuration:
invalid syntax (tmp.py, line 1)
Please refer to https://twiki.cern.ch/twiki/bin/view/CMSPublic/CRAB3CommonErrors#Syntax_error_in_CRAB_configurati
See the ./crab.log file for more details.
The documentation about the CRAB configuration file can be found in https://twiki.cern.ch/twiki/bin/view/CMSPublic/CRAB3ConfigurationFile
